<?xml version="1.0" encoding="UTF-8"?>
<!-- Generated by org.testng.reporters.JUnitReportReporter -->
<testsuite hostname="LAPTOP-QO8TCCRA" failures="0" tests="1" name="testCases.TC_02Login" time="8.676" errors="0" timestamp="2023-12-09T14:39:41 IST" skipped="0">
  <testcase classname="testCases.TC_02Login" name="testLogin" time="8.676"/>
</testsuite> <!-- testCases.TC_02Login -->
