<?xml version="1.0" encoding="UTF-8"?>
<!-- Generated by org.testng.reporters.JUnitReportReporter -->
<testsuite hostname="LAPTOP-QO8TCCRA" failures="0" tests="1" name="testCases.ACCOUNTREGISTER2LOGIN" time="9.649" errors="0" timestamp="2023-12-06T15:10:27 IST" skipped="0">
  <testcase classname="testCases.ACCOUNTREGISTER2LOGIN" name="accountRegistration" time="9.649"/>
</testsuite> <!-- testCases.ACCOUNTREGISTER2LOGIN -->
