<?xml version="1.0" encoding="UTF-8"?>
<!-- Generated by org.testng.reporters.JUnitReportReporter -->
<testsuite hostname="LAPTOP-QO8TCCRA" failures="0" tests="1" name="testCases.AccountLogin" time="16.487" errors="0" timestamp="2023-12-08T18:00:18 IST" skipped="0">
  <testcase classname="testCases.AccountLogin" name="accountRegistration" time="16.487"/>
</testsuite> <!-- testCases.AccountLogin -->
